<?xml version="1.0" encoding="UTF-8"?>
<!-- Generated by org.testng.reporters.JUnitReportReporter -->
<testsuite skipped="0" hostname="vivek-PC" name="TestScript.TC004_UnsucessfulRegistration_BlankLastName" tests="1" failures="0" timestamp="28 Jun 2018 09:39:57 GMT" time="12.680" errors="0">
  <testcase name="UnSuccessfulRegistration_BlankLastName" time="12.680" classname="TestScript.TC004_UnsucessfulRegistration_BlankLastName"/>
</testsuite> <!-- TestScript.TC004_UnsucessfulRegistration_BlankLastName -->
