<?xml version="1.0" encoding="UTF-8"?>
<!-- Generated by org.testng.reporters.JUnitReportReporter -->
<testsuite skipped="0" hostname="vivek-PC" name="TestScript.TC005_UnsuccessfulRegistration_InvalidLastNam" tests="1" failures="0" timestamp="28 Jun 2018 09:39:57 GMT" time="13.707" errors="0">
  <testcase name="UnSuccessfulRegistration_InvalidLastName" time="13.707" classname="TestScript.TC005_UnsuccessfulRegistration_InvalidLastNam"/>
</testsuite> <!-- TestScript.TC005_UnsuccessfulRegistration_InvalidLastNam -->
