<?xml version="1.0" encoding="UTF-8"?>
<!-- Generated by org.testng.reporters.JUnitReportReporter -->
<testsuite skipped="0" hostname="vivek-PC" name="TestScript.TC014_SuccessfulRegistration_OnlyMandatoryField" tests="1" failures="0" timestamp="28 Jun 2018 09:39:57 GMT" time="12.239" errors="0">
  <testcase name="SuccessfulRegistrationMandatoryfield" time="12.239" classname="TestScript.TC014_SuccessfulRegistration_OnlyMandatoryField"/>
</testsuite> <!-- TestScript.TC014_SuccessfulRegistration_OnlyMandatoryField -->
