<?xml version="1.0" encoding="UTF-8"?>
<!-- Generated by org.testng.reporters.JUnitReportReporter -->
<testsuite skipped="0" hostname="vivek-PC" name="TestScript.TC003_UnsuccessfulRegistration_InvalidFirstName" tests="1" failures="0" timestamp="28 Jun 2018 09:39:57 GMT" time="13.821" errors="0">
  <testcase name="UnSuccessfulRegistration_InvalidFirstName" time="13.821" classname="TestScript.TC003_UnsuccessfulRegistration_InvalidFirstName"/>
</testsuite> <!-- TestScript.TC003_UnsuccessfulRegistration_InvalidFirstName -->
