<?xml version="1.0" encoding="UTF-8"?>
<!-- Generated by org.testng.reporters.JUnitReportReporter -->
<testsuite skipped="0" hostname="vivek-PC" name="TestScript.TC001_SuccessfulRegistration_EnterAllFields" tests="1" failures="0" timestamp="28 Jun 2018 09:39:57 GMT" time="14.962" errors="0">
  <testcase name="SuccessfulRegistration" time="14.962" classname="TestScript.TC001_SuccessfulRegistration_EnterAllFields"/>
</testsuite> <!-- TestScript.TC001_SuccessfulRegistration_EnterAllFields -->
