<?xml version="1.0" encoding="UTF-8"?>
<!-- Generated by org.testng.reporters.JUnitReportReporter -->
<testsuite skipped="0" hostname="vivek-PC" name="TestScript.TC015_UnsuccessfulRegistration_InvalidContactNo" tests="1" failures="0" timestamp="28 Jun 2018 09:39:57 GMT" time="20.772" errors="0">
  <testcase name="UnSuccessfulRegistration_InvalidContactNo" time="20.772" classname="TestScript.TC015_UnsuccessfulRegistration_InvalidContactNo"/>
</testsuite> <!-- TestScript.TC015_UnsuccessfulRegistration_InvalidContactNo -->
