<?xml version="1.0" encoding="UTF-8"?>
<!-- Generated by org.testng.reporters.JUnitReportReporter -->
<testsuite skipped="0" hostname="vivek-PC" name="TestScript.TC006_UnsucessfulRegistration_BlankUserName" tests="1" failures="0" timestamp="28 Jun 2018 09:39:57 GMT" time="12.394" errors="0">
  <testcase name="UnSuccessfulRegistration_BlankUserName" time="12.394" classname="TestScript.TC006_UnsucessfulRegistration_BlankUserName"/>
</testsuite> <!-- TestScript.TC006_UnsucessfulRegistration_BlankUserName -->
