<?xml version="1.0" encoding="UTF-8"?>
<!-- Generated by org.testng.reporters.JUnitReportReporter -->
<testsuite skipped="0" hostname="vivek-PC" name="TestScript.TC008_UnsucessfulRegistration_BlankPassword" tests="1" failures="0" timestamp="28 Jun 2018 09:39:57 GMT" time="12.641" errors="0">
  <testcase name="UnSuccessfulRegistration_Blankpassword" time="12.641" classname="TestScript.TC008_UnsucessfulRegistration_BlankPassword"/>
</testsuite> <!-- TestScript.TC008_UnsucessfulRegistration_BlankPassword -->
