<?xml version="1.0" encoding="UTF-8"?>
<!-- Generated by org.testng.reporters.JUnitReportReporter -->
<testsuite skipped="0" hostname="vivek-PC" name="TestScript.TC010_UnsucessfulRegistration_BlankConfirmPassword" tests="1" failures="0" timestamp="28 Jun 2018 09:39:57 GMT" time="12.484" errors="0">
  <testcase name="UnSuccessfulRegistration_Blankconfirmpassword" time="12.484" classname="TestScript.TC010_UnsucessfulRegistration_BlankConfirmPassword"/>
</testsuite> <!-- TestScript.TC010_UnsucessfulRegistration_BlankConfirmPassword -->
