<?xml version="1.0" encoding="UTF-8"?>
<!-- Generated by org.testng.reporters.JUnitReportReporter -->
<testsuite skipped="0" hostname="vivek-PC" name="TestScript.TC012_UnsucessfulRegistration_BlankEmail" tests="1" failures="0" timestamp="28 Jun 2018 09:39:57 GMT" time="11.826" errors="0">
  <testcase name="UnSuccessfulRegistration_BlankEmail" time="11.826" classname="TestScript.TC012_UnsucessfulRegistration_BlankEmail"/>
</testsuite> <!-- TestScript.TC012_UnsucessfulRegistration_BlankEmail -->
