<?xml version="1.0" encoding="UTF-8"?>
<!-- Generated by org.testng.reporters.JUnitReportReporter -->
<testsuite skipped="0" hostname="vivek-PC" name="TestScript.TC013_UnsuccessfulRegistration_InvalidEmail" tests="1" failures="0" timestamp="28 Jun 2018 09:39:57 GMT" time="13.245" errors="0">
  <testcase name="UnSuccessfulRegistration_InvalidEmail" time="13.245" classname="TestScript.TC013_UnsuccessfulRegistration_InvalidEmail"/>
</testsuite> <!-- TestScript.TC013_UnsuccessfulRegistration_InvalidEmail -->
