<?xml version="1.0" encoding="UTF-8"?>
<!-- Generated by org.testng.reporters.JUnitReportReporter -->
<testsuite skipped="0" hostname="vivek-PC" name="TestScript.TC002_UnsucessfulRegistration_BlankFirstName" tests="1" failures="0" timestamp="28 Jun 2018 09:39:57 GMT" time="12.675" errors="0">
  <testcase name="UnSuccessfulRegistration_FirstName" time="12.675" classname="TestScript.TC002_UnsucessfulRegistration_BlankFirstName"/>
</testsuite> <!-- TestScript.TC002_UnsucessfulRegistration_BlankFirstName -->
