<?xml version="1.0" encoding="UTF-8"?>
<!-- Generated by org.testng.reporters.JUnitReportReporter -->
<testsuite skipped="0" hostname="vivek-PC" name="TestScript.TC009_UnsuccessfulRegistration_InvalidPassword" tests="1" failures="0" timestamp="28 Jun 2018 09:39:57 GMT" time="13.863" errors="0">
  <testcase name="UnSuccessfulRegistration_InvalidPassword" time="13.863" classname="TestScript.TC009_UnsuccessfulRegistration_InvalidPassword"/>
</testsuite> <!-- TestScript.TC009_UnsuccessfulRegistration_InvalidPassword -->
