<?xml version="1.0" encoding="UTF-8"?>
<!-- Generated by org.testng.reporters.JUnitReportReporter -->
<testsuite skipped="0" hostname="vivek-PC" name="TestScript.TC007_UnsuccessfulRegistration_InvalidUserName" tests="1" failures="0" timestamp="28 Jun 2018 09:39:57 GMT" time="13.999" errors="0">
  <testcase name="UnSuccessfulRegistration_InvalidUserName" time="13.999" classname="TestScript.TC007_UnsuccessfulRegistration_InvalidUserName"/>
</testsuite> <!-- TestScript.TC007_UnsuccessfulRegistration_InvalidUserName -->
