<?xml version="1.0" encoding="UTF-8"?>
<!-- Generated by org.testng.reporters.JUnitReportReporter -->
<testsuite skipped="0" hostname="vivek-PC" name="TestScript.TC011_UnsuccessfulRegistration_InvalidConfirmPassword" tests="1" failures="0" timestamp="28 Jun 2018 09:39:57 GMT" time="13.896" errors="0">
  <testcase name="UnSuccessfulRegistration_InvalidConfirmPassword" time="13.896" classname="TestScript.TC011_UnsuccessfulRegistration_InvalidConfirmPassword"/>
</testsuite> <!-- TestScript.TC011_UnsuccessfulRegistration_InvalidConfirmPassword -->
